2025-05-18 16:34:24 [3] Connection: opening to smtp.gmail.com:587, timeout=300, options=array()
2025-05-18 16:34:24 [3] Connection: opened
2025-05-18 16:34:25 [4] SMTP INBOUND: "220 smtp.gmail.com ESMTP 98e67ed59e1d1-30e7d46f2afsm4750245a91.8 - gsmtp"
2025-05-18 16:34:25 [2] SERVER -> CLIENT: 220 smtp.gmail.com ESMTP 98e67ed59e1d1-30e7d46f2afsm4750245a91.8 - gsmtp

2025-05-18 16:34:25 [1] CLIENT -> SERVER: EHLO localhost

2025-05-18 16:34:25 [4] SMTP INBOUND: "250-smtp.gmail.com at your service, [136.158.67.209]"
2025-05-18 16:34:25 [4] SMTP INBOUND: "250-SIZE 35882577"
2025-05-18 16:34:25 [4] SMTP INBOUND: "250-8BITMIME"
2025-05-18 16:34:25 [4] SMTP INBOUND: "250-STARTTLS"
2025-05-18 16:34:25 [4] SMTP INBOUND: "250-ENHANCEDSTATUSCODES"
2025-05-18 16:34:25 [4] SMTP INBOUND: "250-PIPELINING"
2025-05-18 16:34:25 [4] SMTP INBOUND: "250-CHUNKING"
2025-05-18 16:34:25 [4] SMTP INBOUND: "250 SMTPUTF8"
2025-05-18 16:34:25 [2] SERVER -> CLIENT: 250-smtp.gmail.com at your service, [136.158.67.209]
250-SIZE 35882577
250-8BITMIME
250-STARTTLS
250-ENHANCEDSTATUSCODES
250-PIPELINING
250-CHUNKING
250 SMTPUTF8

2025-05-18 16:34:25 [1] CLIENT -> SERVER: STARTTLS

2025-05-18 16:34:26 [4] SMTP INBOUND: "220 2.0.0 Ready to start TLS"
2025-05-18 16:34:26 [2] SERVER -> CLIENT: 220 2.0.0 Ready to start TLS

2025-05-18 16:34:26 [1] CLIENT -> SERVER: EHLO localhost

2025-05-18 16:34:26 [4] SMTP INBOUND: "250-smtp.gmail.com at your service, [136.158.67.209]"
2025-05-18 16:34:26 [4] SMTP INBOUND: "250-SIZE 35882577"
2025-05-18 16:34:26 [4] SMTP INBOUND: "250-8BITMIME"
2025-05-18 16:34:26 [4] SMTP INBOUND: "250-AUTH LOGIN PLAIN XOAUTH2 PLAIN-CLIENTTOKEN OAUTHBEARER XOAUTH"
2025-05-18 16:34:26 [4] SMTP INBOUND: "250-ENHANCEDSTATUSCODES"
2025-05-18 16:34:26 [4] SMTP INBOUND: "250-PIPELINING"
2025-05-18 16:34:26 [4] SMTP INBOUND: "250-CHUNKING"
2025-05-18 16:34:26 [4] SMTP INBOUND: "250 SMTPUTF8"
2025-05-18 16:34:26 [2] SERVER -> CLIENT: 250-smtp.gmail.com at your service, [136.158.67.209]
250-SIZE 35882577
250-8BITMIME
250-AUTH LOGIN PLAIN XOAUTH2 PLAIN-CLIENTTOKEN OAUTHBEARER XOAUTH
250-ENHANCEDSTATUSCODES
250-PIPELINING
250-CHUNKING
250 SMTPUTF8

2025-05-18 16:34:26 [4] Auth method requested: UNSPECIFIED
2025-05-18 16:34:26 [4] Auth methods available on the server: LOGIN,PLAIN,XOAUTH2,PLAIN-CLIENTTOKEN,OAUTHBEARER,XOAUTH
2025-05-18 16:34:26 [4] Requested auth method not available: 
2025-05-18 16:34:26 [4] Auth method selected: LOGIN
2025-05-18 16:34:26 [1] CLIENT -> SERVER: AUTH LOGIN

2025-05-18 16:34:26 [4] SMTP INBOUND: "334 VXNlcm5hbWU6"
2025-05-18 16:34:26 [2] SERVER -> CLIENT: 334 VXNlcm5hbWU6

2025-05-18 16:34:26 [1] CLIENT -> SERVER: MDMyMy00MTk5QGxzcHUuZWR1LnBo

2025-05-18 16:34:26 [4] SMTP INBOUND: "334 UGFzc3dvcmQ6"
2025-05-18 16:34:26 [2] SERVER -> CLIENT: 334 UGFzc3dvcmQ6

2025-05-18 16:34:26 [1] CLIENT -> SERVER: dm9wcXl0anJvZGxvZHhoZQ==

2025-05-18 16:34:26 [4] SMTP INBOUND: "235 2.7.0 Accepted"
2025-05-18 16:34:26 [2] SERVER -> CLIENT: 235 2.7.0 Accepted

2025-05-18 16:34:26 [1] CLIENT -> SERVER: MAIL FROM:<0323-4199@lspu.edu.ph>

2025-05-18 16:34:27 [4] SMTP INBOUND: "250 2.1.0 OK 98e67ed59e1d1-30e7d46f2afsm4750245a91.8 - gsmtp"
2025-05-18 16:34:27 [2] SERVER -> CLIENT: 250 2.1.0 OK 98e67ed59e1d1-30e7d46f2afsm4750245a91.8 - gsmtp

2025-05-18 16:34:27 [1] CLIENT -> SERVER: RCPT TO:<support@nexusbank.com>

2025-05-18 16:34:27 [4] SMTP INBOUND: "250 2.1.5 OK 98e67ed59e1d1-30e7d46f2afsm4750245a91.8 - gsmtp"
2025-05-18 16:34:27 [2] SERVER -> CLIENT: 250 2.1.5 OK 98e67ed59e1d1-30e7d46f2afsm4750245a91.8 - gsmtp

2025-05-18 16:34:27 [1] CLIENT -> SERVER: DATA

2025-05-18 16:34:27 [4] SMTP INBOUND: "354 Go ahead 98e67ed59e1d1-30e7d46f2afsm4750245a91.8 - gsmtp"
2025-05-18 16:34:27 [2] SERVER -> CLIENT: 354 Go ahead 98e67ed59e1d1-30e7d46f2afsm4750245a91.8 - gsmtp

2025-05-18 16:34:27 [1] CLIENT -> SERVER: Date: Sun, 18 May 2025 16:34:24 +0000

2025-05-18 16:34:27 [1] CLIENT -> SERVER: To: support@nexusbank.com

2025-05-18 16:34:27 [1] CLIENT -> SERVER: From: Nexus Bank <0323-4199@lspu.edu.ph>

2025-05-18 16:34:27 [1] CLIENT -> SERVER: Reply-To: Miguel <amiguelll0513@gmail.com>

2025-05-18 16:34:27 [1] CLIENT -> SERVER: Subject: Contact Form: adas

2025-05-18 16:34:27 [1] CLIENT -> SERVER: Message-ID: <lT2X5khECQtkYGa5ISpY3A0js3iIUtBeU2pwocNi0@localhost>

2025-05-18 16:34:27 [1] CLIENT -> SERVER: X-Mailer: PHPMailer 6.10.0 (https://github.com/PHPMailer/PHPMailer)

2025-05-18 16:34:27 [1] CLIENT -> SERVER: MIME-Version: 1.0

2025-05-18 16:34:27 [1] CLIENT -> SERVER: Content-Type: text/plain; charset=iso-8859-1

2025-05-18 16:34:27 [1] CLIENT -> SERVER: 

2025-05-18 16:34:27 [1] CLIENT -> SERVER: You have received a new message from the contact form on your website.

2025-05-18 16:34:27 [1] CLIENT -> SERVER: 

2025-05-18 16:34:27 [1] CLIENT -> SERVER: Name: Miguel

2025-05-18 16:34:27 [1] CLIENT -> SERVER: Email: amiguelll0513@gmail.com

2025-05-18 16:34:27 [1] CLIENT -> SERVER: Subject: adas

2025-05-18 16:34:27 [1] CLIENT -> SERVER: Message:

2025-05-18 16:34:27 [1] CLIENT -> SERVER: dawd

2025-05-18 16:34:27 [1] CLIENT -> SERVER: 

2025-05-18 16:34:27 [1] CLIENT -> SERVER: .

2025-05-18 16:34:28 [4] SMTP INBOUND: "250 2.0.0 OK  1747572100 98e67ed59e1d1-30e7d46f2afsm4750245a91.8 - gsmtp"
2025-05-18 16:34:28 [2] SERVER -> CLIENT: 250 2.0.0 OK  1747572100 98e67ed59e1d1-30e7d46f2afsm4750245a91.8 - gsmtp

2025-05-18 16:34:28 [1] CLIENT -> SERVER: QUIT

2025-05-18 16:34:28 [4] SMTP INBOUND: "221 2.0.0 closing connection 98e67ed59e1d1-30e7d46f2afsm4750245a91.8 - gsmtp"
2025-05-18 16:34:28 [2] SERVER -> CLIENT: 221 2.0.0 closing connection 98e67ed59e1d1-30e7d46f2afsm4750245a91.8 - gsmtp

2025-05-18 16:34:28 [3] Connection: closed
2025-05-18 16:40:38 [3] Connection: opening to smtp.gmail.com:587, timeout=300, options=array()
2025-05-18 16:40:38 [3] Connection: opened
2025-05-18 16:40:38 [4] SMTP INBOUND: "220 smtp.gmail.com ESMTP d9443c01a7336-231d4ebaa0bsm43497205ad.183 - gsmtp"
2025-05-18 16:40:38 [2] SERVER -> CLIENT: 220 smtp.gmail.com ESMTP d9443c01a7336-231d4ebaa0bsm43497205ad.183 - gsmtp

2025-05-18 16:40:38 [1] CLIENT -> SERVER: EHLO localhost

2025-05-18 16:40:38 [4] SMTP INBOUND: "250-smtp.gmail.com at your service, [136.158.67.209]"
2025-05-18 16:40:38 [4] SMTP INBOUND: "250-SIZE 35882577"
2025-05-18 16:40:38 [4] SMTP INBOUND: "250-8BITMIME"
2025-05-18 16:40:38 [4] SMTP INBOUND: "250-STARTTLS"
2025-05-18 16:40:38 [4] SMTP INBOUND: "250-ENHANCEDSTATUSCODES"
2025-05-18 16:40:38 [4] SMTP INBOUND: "250-PIPELINING"
2025-05-18 16:40:38 [4] SMTP INBOUND: "250-CHUNKING"
2025-05-18 16:40:38 [4] SMTP INBOUND: "250 SMTPUTF8"
2025-05-18 16:40:38 [2] SERVER -> CLIENT: 250-smtp.gmail.com at your service, [136.158.67.209]
250-SIZE 35882577
250-8BITMIME
250-STARTTLS
250-ENHANCEDSTATUSCODES
250-PIPELINING
250-CHUNKING
250 SMTPUTF8

2025-05-18 16:40:38 [1] CLIENT -> SERVER: STARTTLS

2025-05-18 16:40:39 [4] SMTP INBOUND: "220 2.0.0 Ready to start TLS"
2025-05-18 16:40:39 [2] SERVER -> CLIENT: 220 2.0.0 Ready to start TLS

2025-05-18 16:40:39 [1] CLIENT -> SERVER: EHLO localhost

2025-05-18 16:40:39 [4] SMTP INBOUND: "250-smtp.gmail.com at your service, [136.158.67.209]"
2025-05-18 16:40:39 [4] SMTP INBOUND: "250-SIZE 35882577"
2025-05-18 16:40:39 [4] SMTP INBOUND: "250-8BITMIME"
2025-05-18 16:40:39 [4] SMTP INBOUND: "250-AUTH LOGIN PLAIN XOAUTH2 PLAIN-CLIENTTOKEN OAUTHBEARER XOAUTH"
2025-05-18 16:40:39 [4] SMTP INBOUND: "250-ENHANCEDSTATUSCODES"
2025-05-18 16:40:39 [4] SMTP INBOUND: "250-PIPELINING"
2025-05-18 16:40:39 [4] SMTP INBOUND: "250-CHUNKING"
2025-05-18 16:40:39 [4] SMTP INBOUND: "250 SMTPUTF8"
2025-05-18 16:40:39 [2] SERVER -> CLIENT: 250-smtp.gmail.com at your service, [136.158.67.209]
250-SIZE 35882577
250-8BITMIME
250-AUTH LOGIN PLAIN XOAUTH2 PLAIN-CLIENTTOKEN OAUTHBEARER XOAUTH
250-ENHANCEDSTATUSCODES
250-PIPELINING
250-CHUNKING
250 SMTPUTF8

2025-05-18 16:40:39 [4] Auth method requested: UNSPECIFIED
2025-05-18 16:40:39 [4] Auth methods available on the server: LOGIN,PLAIN,XOAUTH2,PLAIN-CLIENTTOKEN,OAUTHBEARER,XOAUTH
2025-05-18 16:40:39 [4] Requested auth method not available: 
2025-05-18 16:40:39 [4] Auth method selected: LOGIN
2025-05-18 16:40:39 [1] CLIENT -> SERVER: AUTH LOGIN

2025-05-18 16:40:39 [4] SMTP INBOUND: "334 VXNlcm5hbWU6"
2025-05-18 16:40:39 [2] SERVER -> CLIENT: 334 VXNlcm5hbWU6

2025-05-18 16:40:39 [1] CLIENT -> SERVER: MDMyMy00MTk5QGxzcHUuZWR1LnBo

2025-05-18 16:40:39 [4] SMTP INBOUND: "334 UGFzc3dvcmQ6"
2025-05-18 16:40:39 [2] SERVER -> CLIENT: 334 UGFzc3dvcmQ6

2025-05-18 16:40:39 [1] CLIENT -> SERVER: dm9wcXl0anJvZGxvZHhoZQ==

2025-05-18 16:40:40 [4] SMTP INBOUND: "235 2.7.0 Accepted"
2025-05-18 16:40:40 [2] SERVER -> CLIENT: 235 2.7.0 Accepted

2025-05-18 16:40:40 [1] CLIENT -> SERVER: MAIL FROM:<0323-4199@lspu.edu.ph>

2025-05-18 16:40:40 [4] SMTP INBOUND: "250 2.1.0 OK d9443c01a7336-231d4ebaa0bsm43497205ad.183 - gsmtp"
2025-05-18 16:40:40 [2] SERVER -> CLIENT: 250 2.1.0 OK d9443c01a7336-231d4ebaa0bsm43497205ad.183 - gsmtp

2025-05-18 16:40:40 [1] CLIENT -> SERVER: RCPT TO:<support@nexusbank.com>

2025-05-18 16:40:40 [4] SMTP INBOUND: "250 2.1.5 OK d9443c01a7336-231d4ebaa0bsm43497205ad.183 - gsmtp"
2025-05-18 16:40:40 [2] SERVER -> CLIENT: 250 2.1.5 OK d9443c01a7336-231d4ebaa0bsm43497205ad.183 - gsmtp

2025-05-18 16:40:40 [1] CLIENT -> SERVER: DATA

2025-05-18 16:40:40 [4] SMTP INBOUND: "354 Go ahead d9443c01a7336-231d4ebaa0bsm43497205ad.183 - gsmtp"
2025-05-18 16:40:40 [2] SERVER -> CLIENT: 354 Go ahead d9443c01a7336-231d4ebaa0bsm43497205ad.183 - gsmtp

2025-05-18 16:40:40 [1] CLIENT -> SERVER: Date: Sun, 18 May 2025 16:40:38 +0000

2025-05-18 16:40:40 [1] CLIENT -> SERVER: To: support@nexusbank.com

2025-05-18 16:40:40 [1] CLIENT -> SERVER: From: Nexus Bank <0323-4199@lspu.edu.ph>

2025-05-18 16:40:40 [1] CLIENT -> SERVER: Reply-To: Miguel <amiguelll0513@gmail.com>

2025-05-18 16:40:40 [1] CLIENT -> SERVER: Subject: Contact Form: Concern

2025-05-18 16:40:40 [1] CLIENT -> SERVER: Message-ID: <qXAPzIMCUhsyslvhJPRgvzXYL3FRMKzw6dwGJSh1OE@localhost>

2025-05-18 16:40:40 [1] CLIENT -> SERVER: X-Mailer: PHPMailer 6.10.0 (https://github.com/PHPMailer/PHPMailer)

2025-05-18 16:40:40 [1] CLIENT -> SERVER: MIME-Version: 1.0

2025-05-18 16:40:40 [1] CLIENT -> SERVER: Content-Type: text/plain; charset=iso-8859-1

2025-05-18 16:40:40 [1] CLIENT -> SERVER: 

2025-05-18 16:40:40 [1] CLIENT -> SERVER: You have received a new message from the contact form on your website.

2025-05-18 16:40:40 [1] CLIENT -> SERVER: 

2025-05-18 16:40:40 [1] CLIENT -> SERVER: Name: Miguel

2025-05-18 16:40:40 [1] CLIENT -> SERVER: Email: amiguelll0513@gmail.com

2025-05-18 16:40:40 [1] CLIENT -> SERVER: Subject: Concern

2025-05-18 16:40:40 [1] CLIENT -> SERVER: Message:

2025-05-18 16:40:40 [1] CLIENT -> SERVER: das

2025-05-18 16:40:40 [1] CLIENT -> SERVER: 

2025-05-18 16:40:40 [1] CLIENT -> SERVER: .

2025-05-18 16:40:41 [4] SMTP INBOUND: "250 2.0.0 OK  1747572473 d9443c01a7336-231d4ebaa0bsm43497205ad.183 - gsmtp"
2025-05-18 16:40:41 [2] SERVER -> CLIENT: 250 2.0.0 OK  1747572473 d9443c01a7336-231d4ebaa0bsm43497205ad.183 - gsmtp

2025-05-18 16:40:41 [1] CLIENT -> SERVER: QUIT

2025-05-18 16:40:41 [4] SMTP INBOUND: "221 2.0.0 closing connection d9443c01a7336-231d4ebaa0bsm43497205ad.183 - gsmtp"
2025-05-18 16:40:41 [2] SERVER -> CLIENT: 221 2.0.0 closing connection d9443c01a7336-231d4ebaa0bsm43497205ad.183 - gsmtp

2025-05-18 16:40:41 [3] Connection: closed
